<?xml version="1.0" encoding="UTF-8"?>
<!-- Generated by org.testng.reporters.JUnitReportReporter -->
<testsuite hostname="DESKTOP-VE9NM6R" failures="0" tests="2" name="Testcases.LoginTestase" time="29.652" errors="0" timestamp="2023-03-03T13:36:10 IST" skipped="0">
  <testcase classname="Testcases.LoginTestase" name="LoginTestIncorrectPassword" time="4.550"/>
  <system-out/>
  <testcase classname="Testcases.LoginTestase" name="loginTest" time="25.102"/>
  <system-out/>
</testsuite> <!-- Testcases.LoginTestase -->
