<?xml version="1.0" encoding="UTF-8"?>
<!-- Generated by org.testng.reporters.JUnitReportReporter -->
<testsuite hostname="DESKTOP-VE9NM6R" failures="0" tests="1" name="Testcases.LoginTestase" time="23.948" errors="0" timestamp="2023-03-06T17:07:06 IST" skipped="0">
  <testcase classname="Testcases.LoginTestase" name="LogoutFunctionality" time="23.948"/>
  <system-out/>
</testsuite> <!-- Testcases.LoginTestase -->
