<?xml version="1.0" encoding="UTF-8"?>
<!-- Generated by org.testng.reporters.JUnitReportReporter -->
<testsuite hostname="DESKTOP-VE9NM6R" failures="0" tests="1" name="Testcases.LoginTestase" time="7.348" errors="0" timestamp="2023-03-06T15:47:05 IST" skipped="0">
  <testcase classname="Testcases.LoginTestase" name="LoginTestIncorrectPassword" time="7.348"/>
  <system-out/>
</testsuite> <!-- Testcases.LoginTestase -->
