<?xml version="1.0" encoding="UTF-8"?>
<!-- Generated by org.testng.reporters.JUnitReportReporter -->
<testsuite hostname="DESKTOP-VE9NM6R" failures="0" tests="1" name="BaseTest.BaseTestCase" time="63.656" errors="0" timestamp="2023-02-26T22:44:33 IST" skipped="0">
  <testcase classname="BaseTest.BaseTestCase" name="setup" time="63.656"/>
  <system-out/>
</testsuite> <!-- BaseTest.BaseTestCase -->
